[2.768s] Invoking command in '/home/husarion/ros2_ws/src/my_robot_controller': PYTHONPATH=/home/husarion/ros2_ws/build/my_robot_controller/prefix_override:/home/husarion/ros2_ws/install/my_robot_controller/lib/python3.10/site-packages:${PYTHONPATH} /usr/bin/python3 setup.py egg_info --egg-base ../../build/my_robot_controller build --build-base /home/husarion/ros2_ws/build/my_robot_controller/build install --record /home/husarion/ros2_ws/build/my_robot_controller/install.log --single-version-externally-managed
[3.688s] running egg_info
[3.690s] creating ../../build/my_robot_controller/my_robot_controller.egg-info
[3.691s] writing ../../build/my_robot_controller/my_robot_controller.egg-info/PKG-INFO
[3.693s] writing dependency_links to ../../build/my_robot_controller/my_robot_controller.egg-info/dependency_links.txt
[3.693s] writing entry points to ../../build/my_robot_controller/my_robot_controller.egg-info/entry_points.txt
[3.694s] writing requirements to ../../build/my_robot_controller/my_robot_controller.egg-info/requires.txt
[3.694s] writing top-level names to ../../build/my_robot_controller/my_robot_controller.egg-info/top_level.txt
[3.695s] writing manifest file '../../build/my_robot_controller/my_robot_controller.egg-info/SOURCES.txt'
[3.702s] reading manifest file '../../build/my_robot_controller/my_robot_controller.egg-info/SOURCES.txt'
[3.705s] writing manifest file '../../build/my_robot_controller/my_robot_controller.egg-info/SOURCES.txt'
[3.706s] running build
[3.707s] running build_py
[3.707s] creating /home/husarion/ros2_ws/build/my_robot_controller/build
[3.708s] creating /home/husarion/ros2_ws/build/my_robot_controller/build/lib
[3.708s] creating /home/husarion/ros2_ws/build/my_robot_controller/build/lib/my_robot_controller
[3.709s] copying my_robot_controller/my_nav_test.py -> /home/husarion/ros2_ws/build/my_robot_controller/build/lib/my_robot_controller
[3.710s] copying my_robot_controller/__init__.py -> /home/husarion/ros2_ws/build/my_robot_controller/build/lib/my_robot_controller
[3.710s] running install
[3.712s] /usr/lib/python3/dist-packages/setuptools/command/install.py:34: SetuptoolsDeprecationWarning: setup.py install is deprecated. Use build and pip and other standards-based tools.
[3.712s]   warnings.warn(
[3.713s] running install_lib
[3.717s] creating /home/husarion/ros2_ws/install/my_robot_controller/lib/python3.10/site-packages/my_robot_controller
[3.718s] copying /home/husarion/ros2_ws/build/my_robot_controller/build/lib/my_robot_controller/my_nav_test.py -> /home/husarion/ros2_ws/install/my_robot_controller/lib/python3.10/site-packages/my_robot_controller
[3.719s] copying /home/husarion/ros2_ws/build/my_robot_controller/build/lib/my_robot_controller/__init__.py -> /home/husarion/ros2_ws/install/my_robot_controller/lib/python3.10/site-packages/my_robot_controller
[3.722s] byte-compiling /home/husarion/ros2_ws/install/my_robot_controller/lib/python3.10/site-packages/my_robot_controller/my_nav_test.py to my_nav_test.cpython-310.pyc
[3.723s] byte-compiling /home/husarion/ros2_ws/install/my_robot_controller/lib/python3.10/site-packages/my_robot_controller/__init__.py to __init__.cpython-310.pyc
[3.724s] running install_data
[3.726s] creating /home/husarion/ros2_ws/install/my_robot_controller/share/ament_index
[3.728s] creating /home/husarion/ros2_ws/install/my_robot_controller/share/ament_index/resource_index
[3.729s] creating /home/husarion/ros2_ws/install/my_robot_controller/share/ament_index/resource_index/packages
[3.729s] copying resource/my_robot_controller -> /home/husarion/ros2_ws/install/my_robot_controller/share/ament_index/resource_index/packages
[3.730s] copying package.xml -> /home/husarion/ros2_ws/install/my_robot_controller/share/my_robot_controller
[3.730s] running install_egg_info
[3.735s] Copying ../../build/my_robot_controller/my_robot_controller.egg-info to /home/husarion/ros2_ws/install/my_robot_controller/lib/python3.10/site-packages/my_robot_controller-0.0.0-py3.10.egg-info
[3.741s] running install_scripts
[3.824s] writing list of installed files to '/home/husarion/ros2_ws/build/my_robot_controller/install.log'
[3.948s] Invoked command in '/home/husarion/ros2_ws/src/my_robot_controller' returned '0': PYTHONPATH=/home/husarion/ros2_ws/build/my_robot_controller/prefix_override:/home/husarion/ros2_ws/install/my_robot_controller/lib/python3.10/site-packages:${PYTHONPATH} /usr/bin/python3 setup.py egg_info --egg-base ../../build/my_robot_controller build --build-base /home/husarion/ros2_ws/build/my_robot_controller/build install --record /home/husarion/ros2_ws/build/my_robot_controller/install.log --single-version-externally-managed
