[2.751s] Invoking command in '/home/husarion/ros2_ws/src/my_robot_controller': PYTHONPATH=/home/husarion/ros2_ws/build/my_robot_controller/prefix_override:/home/husarion/ros2_ws/install/my_robot_controller/lib/python3.10/site-packages:${PYTHONPATH} /usr/bin/python3 setup.py egg_info --egg-base ../../build/my_robot_controller build --build-base /home/husarion/ros2_ws/build/my_robot_controller/build install --record /home/husarion/ros2_ws/build/my_robot_controller/install.log --single-version-externally-managed
[3.745s] running egg_info
[3.747s] writing ../../build/my_robot_controller/my_robot_controller.egg-info/PKG-INFO
[3.748s] writing dependency_links to ../../build/my_robot_controller/my_robot_controller.egg-info/dependency_links.txt
[3.749s] writing entry points to ../../build/my_robot_controller/my_robot_controller.egg-info/entry_points.txt
[3.750s] writing requirements to ../../build/my_robot_controller/my_robot_controller.egg-info/requires.txt
[3.751s] writing top-level names to ../../build/my_robot_controller/my_robot_controller.egg-info/top_level.txt
[3.760s] reading manifest file '../../build/my_robot_controller/my_robot_controller.egg-info/SOURCES.txt'
[3.764s] writing manifest file '../../build/my_robot_controller/my_robot_controller.egg-info/SOURCES.txt'
[3.764s] running build
[3.765s] running build_py
[3.766s] running install
[3.767s] running install_lib
[3.773s] running install_data
[3.775s] running install_egg_info
[3.781s] removing '/home/husarion/ros2_ws/install/my_robot_controller/lib/python3.10/site-packages/my_robot_controller-0.0.0-py3.10.egg-info' (and everything under it)
[3.783s] Copying ../../build/my_robot_controller/my_robot_controller.egg-info to /home/husarion/ros2_ws/install/my_robot_controller/lib/python3.10/site-packages/my_robot_controller-0.0.0-py3.10.egg-info
[3.789s] running install_scripts
[3.866s] writing list of installed files to '/home/husarion/ros2_ws/build/my_robot_controller/install.log'
[3.997s] Invoked command in '/home/husarion/ros2_ws/src/my_robot_controller' returned '0': PYTHONPATH=/home/husarion/ros2_ws/build/my_robot_controller/prefix_override:/home/husarion/ros2_ws/install/my_robot_controller/lib/python3.10/site-packages:${PYTHONPATH} /usr/bin/python3 setup.py egg_info --egg-base ../../build/my_robot_controller build --build-base /home/husarion/ros2_ws/build/my_robot_controller/build install --record /home/husarion/ros2_ws/build/my_robot_controller/install.log --single-version-externally-managed
